nohup: ignoring input
Loading event catalog from data/events/koeri_catalog.txt...
Loaded 160 events
Location bounds:
  Latitude: [40.0067, 41.3648]
  Longitude: [26.0170, 29.5157]
  Depth: [0.0000, 24.3510] km
Found 644 mseed files
Found 125 unique stations
Starting Full Covariance Experiment - Latent Dim: 128
Epoch 1/10 - Loss: 128092.9564
Epoch 2/10 - Loss: 106550.7333
Epoch 3/10 - Loss: 84495.0729
Epoch 4/10 - Loss: 63740.2159
Epoch 5/10 - Loss: 50411.9349
Epoch 6/10 - Loss: 40824.4770
Epoch 7/10 - Loss: 34621.7407
Epoch 8/10 - Loss: 30105.4699
Epoch 9/10 - Loss: 26677.3071
Epoch 10/10 - Loss: 23940.7918
