Loading event catalog from data/events/koeri_catalog.txt...
Loaded 160 events
Location bounds:
  Latitude: [40.0067, 41.3648]
  Longitude: [26.0170, 29.5157]
  Depth: [0.0000, 24.3510] km
Found 644 mseed files
Found 125 unique stations
Starting Full Covariance Experiment - Latent Dim: 128
Epoch 1/10 - Loss: 116886.4750
Epoch 2/10 - Loss: 94262.0095
Epoch 3/10 - Loss: 69625.1670
Epoch 4/10 - Loss: 52655.6771
Epoch 5/10 - Loss: 41953.5414
Epoch 6/10 - Loss: 35197.6201
Epoch 7/10 - Loss: 30551.0961
Epoch 8/10 - Loss: 26937.7355
Epoch 9/10 - Loss: 24062.0448
Epoch 10/10 - Loss: 21658.4887
Model saved to checkpoints_full_cov/koeri_catalog/full_cov_cvae_best.pt
